<?xml version="1.0" encoding="UTF-8"?>
<!-- Generated by org.testng.reporters.JUnitReportReporter -->
<testsuite hostname="chaithra" failures="0" tests="1" name="assertion.ToLearnHardAssert" time="11.263" errors="0" timestamp="2026-06-24T11:48:03 IST" skipped="0">
  <testcase classname="assertion.ToLearnHardAssert" name="login" time="11.263">
    <system-out>
      <![CDATA[login page id displayed
Home page is displayed]]>
    </system-out>
  </testcase> <!-- login -->
  <system-out>
    <![CDATA[login page id displayed
Home page is displayed]]>
  </system-out>
</testsuite> <!-- assertion.ToLearnHardAssert -->
