<?xml version="1.0" encoding="UTF-8"?>
<!-- Generated by org.testng.reporters.JUnitReportReporter -->
<testsuite hostname="chaithra" failures="0" tests="1" name="testNG.BMW" time="10.891" errors="0" timestamp="2026-06-23T10:57:05 IST" skipped="0">
  <testcase classname="testNG.BMW" name="launch" time="10.891">
    <system-out>
      <![CDATA[BMW is launched]]>
    </system-out>
  </testcase> <!-- launch -->
  <system-out>
    <![CDATA[BMW is launched
Yamaha is launched
Toyota is launched]]>
  </system-out>
</testsuite> <!-- testNG.BMW -->
