<?xml version="1.0" encoding="UTF-8"?>
<!-- Generated by org.testng.reporters.JUnitReportReporter -->
<testsuite hostname="chaithra" failures="0" tests="1" name="testNG.TestScript1" time="5.608" errors="0" timestamp="2026-06-24T10:56:46 IST" skipped="0">
  <testcase classname="testNG.TestScript1" name="clickOnBooks" time="5.608">
    <system-out>
      <![CDATA[Books page is displayed]]>
    </system-out>
  </testcase> <!-- clickOnBooks -->
  <system-out>
    <![CDATA[Books page is displayed]]>
  </system-out>
</testsuite> <!-- testNG.TestScript1 -->
