<?xml version="1.0" encoding="UTF-8"?>
<!-- Generated by org.testng.reporters.JUnitReportReporter -->
<testsuite hostname="chaithra" failures="0" tests="2" name="testNG.AnnotationAttributes" time="13.505" errors="0" timestamp="2026-06-22T11:56:47 IST" skipped="0">
  <testcase classname="testNG.AnnotationAttributes" name="login" time="6.797">
    <system-out>
      <![CDATA[Loginpage is displayed]]>
    </system-out>
  </testcase> <!-- login -->
  <testcase classname="testNG.AnnotationAttributes" name="register" time="6.708">
    <system-out>
      <![CDATA[Registerpage is displayed]]>
    </system-out>
  </testcase> <!-- register -->
  <system-out>
    <![CDATA[Loginpage is displayed
Registerpage is displayed]]>
  </system-out>
</testsuite> <!-- testNG.AnnotationAttributes -->
