<?xml version="1.0" encoding="UTF-8"?>
<!-- Generated by org.testng.reporters.JUnitReportReporter -->
<testsuite hostname="chaithra" failures="0" tests="1" name="testNG.Yamaha" time="6.780" errors="0" timestamp="2026-06-23T11:06:44 IST" skipped="0">
  <testcase classname="testNG.Yamaha" name="launch" time="6.780">
    <system-out>
      <![CDATA[Yamaha is launched]]>
    </system-out>
  </testcase> <!-- launch -->
  <system-out>
    <![CDATA[Yamaha is launched
Toyota is launched]]>
  </system-out>
</testsuite> <!-- testNG.Yamaha -->
