<?xml version="1.0" encoding="UTF-8"?>
<!-- Generated by org.testng.reporters.JUnitReportReporter -->
<testsuite hostname="chaithra" failures="0" tests="1" name="assertion.ToLearnSoftAssert" time="10.829" errors="0" timestamp="2026-06-24T11:52:06 IST" skipped="0">
  <testcase classname="assertion.ToLearnSoftAssert" name="login" time="10.829">
    <system-out>
      <![CDATA[login page id displayed
Home page is displayed]]>
    </system-out>
  </testcase> <!-- login -->
  <system-out>
    <![CDATA[login page id displayed
Home page is displayed]]>
  </system-out>
</testsuite> <!-- assertion.ToLearnSoftAssert -->
