<?xml version="1.0" encoding="UTF-8"?>
<testng-results ignored="0" total="1" passed="1" failed="0" skipped="0">
  <reporter-output>
    <line>
      <![CDATA[login page id displayed]]>
    </line>
    <line>
      <![CDATA[Home page is displayed]]>
    </line>
  </reporter-output>
  <suite started-at="2026-06-24T11:51:55 IST" name="Default suite" finished-at="2026-06-24T11:52:06 IST" duration-ms="10891">
    <groups>
    </groups>
    <test started-at="2026-06-24T11:51:55 IST" name="Default test" finished-at="2026-06-24T11:52:06 IST" duration-ms="10891">
      <class name="assertion.ToLearnSoftAssert">
        <test-method signature="login()[pri:0, instance:assertion.ToLearnSoftAssert@28eaa59a]" started-at="2026-06-24T11:51:55 IST" name="login" finished-at="2026-06-24T11:52:06 IST" duration-ms="10829" status="PASS">
          <reporter-output>
            <line>
              <![CDATA[login page id displayed]]>
            </line>
            <line>
              <![CDATA[Home page is displayed]]>
            </line>
          </reporter-output>
        </test-method> <!-- login -->
      </class> <!-- assertion.ToLearnSoftAssert -->
    </test> <!-- Default test -->
  </suite> <!-- Default suite -->
</testng-results>
